running egg_info
writing ../../build/final_project/final_project.egg-info/PKG-INFO
writing dependency_links to ../../build/final_project/final_project.egg-info/dependency_links.txt
writing entry points to ../../build/final_project/final_project.egg-info/entry_points.txt
writing requirements to ../../build/final_project/final_project.egg-info/requires.txt
writing top-level names to ../../build/final_project/final_project.egg-info/top_level.txt
reading manifest file '../../build/final_project/final_project.egg-info/SOURCES.txt'
writing manifest file '../../build/final_project/final_project.egg-info/SOURCES.txt'
running build
running build_py
copying final_project/envs/turtlebot_env.py -> /home/amrita/final_project/build/final_project/build/lib/final_project/envs
running install
running install_lib
copying /home/amrita/final_project/build/final_project/build/lib/final_project/envs/turtlebot_env.py -> /home/amrita/final_project/install/final_project/lib/python3.10/site-packages/final_project/envs
byte-compiling /home/amrita/final_project/install/final_project/lib/python3.10/site-packages/final_project/envs/turtlebot_env.py to turtlebot_env.cpython-310.pyc
running install_data
running install_egg_info
removing '/home/amrita/final_project/install/final_project/lib/python3.10/site-packages/final_project-0.0.0-py3.10.egg-info' (and everything under it)
Copying ../../build/final_project/final_project.egg-info to /home/amrita/final_project/install/final_project/lib/python3.10/site-packages/final_project-0.0.0-py3.10.egg-info
running install_scripts
Installing train script to /home/amrita/final_project/install/final_project/lib/final_project
writing list of installed files to '/home/amrita/final_project/build/final_project/install.log'
