running egg_info
creating ../../build/final_project/final_project.egg-info
writing ../../build/final_project/final_project.egg-info/PKG-INFO
writing dependency_links to ../../build/final_project/final_project.egg-info/dependency_links.txt
writing entry points to ../../build/final_project/final_project.egg-info/entry_points.txt
writing requirements to ../../build/final_project/final_project.egg-info/requires.txt
writing top-level names to ../../build/final_project/final_project.egg-info/top_level.txt
writing manifest file '../../build/final_project/final_project.egg-info/SOURCES.txt'
reading manifest file '../../build/final_project/final_project.egg-info/SOURCES.txt'
writing manifest file '../../build/final_project/final_project.egg-info/SOURCES.txt'
running build
running build_py
creating /home/amrita/final_project/build/final_project/build
creating /home/amrita/final_project/build/final_project/build/lib
creating /home/amrita/final_project/build/final_project/build/lib/final_project
copying final_project/train.py -> /home/amrita/final_project/build/final_project/build/lib/final_project
copying final_project/__init__.py -> /home/amrita/final_project/build/final_project/build/lib/final_project
creating /home/amrita/final_project/build/final_project/build/lib/final_project/envs
copying final_project/envs/turtlebot_env.py -> /home/amrita/final_project/build/final_project/build/lib/final_project/envs
copying final_project/envs/__init__.py -> /home/amrita/final_project/build/final_project/build/lib/final_project/envs
running install
running install_lib
creating /home/amrita/final_project/install/final_project/lib/python3.10/site-packages/final_project
copying /home/amrita/final_project/build/final_project/build/lib/final_project/train.py -> /home/amrita/final_project/install/final_project/lib/python3.10/site-packages/final_project
copying /home/amrita/final_project/build/final_project/build/lib/final_project/__init__.py -> /home/amrita/final_project/install/final_project/lib/python3.10/site-packages/final_project
creating /home/amrita/final_project/install/final_project/lib/python3.10/site-packages/final_project/envs
copying /home/amrita/final_project/build/final_project/build/lib/final_project/envs/turtlebot_env.py -> /home/amrita/final_project/install/final_project/lib/python3.10/site-packages/final_project/envs
copying /home/amrita/final_project/build/final_project/build/lib/final_project/envs/__init__.py -> /home/amrita/final_project/install/final_project/lib/python3.10/site-packages/final_project/envs
byte-compiling /home/amrita/final_project/install/final_project/lib/python3.10/site-packages/final_project/train.py to train.cpython-310.pyc
byte-compiling /home/amrita/final_project/install/final_project/lib/python3.10/site-packages/final_project/__init__.py to __init__.cpython-310.pyc
byte-compiling /home/amrita/final_project/install/final_project/lib/python3.10/site-packages/final_project/envs/turtlebot_env.py to turtlebot_env.cpython-310.pyc
byte-compiling /home/amrita/final_project/install/final_project/lib/python3.10/site-packages/final_project/envs/__init__.py to __init__.cpython-310.pyc
running install_data
creating /home/amrita/final_project/install/final_project/share/ament_index
creating /home/amrita/final_project/install/final_project/share/ament_index/resource_index
creating /home/amrita/final_project/install/final_project/share/ament_index/resource_index/packages
copying resource/final_project -> /home/amrita/final_project/install/final_project/share/ament_index/resource_index/packages
copying package.xml -> /home/amrita/final_project/install/final_project/share/final_project
creating /home/amrita/final_project/install/final_project/share/final_project/launch
copying launch/static_world.launch.py -> /home/amrita/final_project/install/final_project/share/final_project/launch
creating /home/amrita/final_project/install/final_project/share/final_project/worlds
copying worlds/turtlebot3_world.world -> /home/amrita/final_project/install/final_project/share/final_project/worlds
running install_egg_info
Copying ../../build/final_project/final_project.egg-info to /home/amrita/final_project/install/final_project/lib/python3.10/site-packages/final_project-0.0.0-py3.10.egg-info
running install_scripts
Installing train script to /home/amrita/final_project/install/final_project/lib/final_project
writing list of installed files to '/home/amrita/final_project/build/final_project/install.log'
