[0.373s] Invoking command in '/home/amrita/final_project/src/Final_project': PYTHONPATH=/home/amrita/final_project/build/final_project/prefix_override:/usr/lib/python3/dist-packages/colcon_core/task/python/colcon_distutils_commands:/home/amrita/final_project/install/final_project/lib/python3.10/site-packages:${PYTHONPATH} /usr/bin/python3 -W ignore:setup.py install is deprecated setup.py egg_info --egg-base ../../build/final_project build --build-base /home/amrita/final_project/build/final_project/build install --record /home/amrita/final_project/build/final_project/install.log --single-version-externally-managed install_data
[0.517s] running egg_info
[0.517s] creating ../../build/final_project/final_project.egg-info
[0.517s] writing ../../build/final_project/final_project.egg-info/PKG-INFO
[0.517s] writing dependency_links to ../../build/final_project/final_project.egg-info/dependency_links.txt
[0.517s] writing entry points to ../../build/final_project/final_project.egg-info/entry_points.txt
[0.517s] writing requirements to ../../build/final_project/final_project.egg-info/requires.txt
[0.517s] writing top-level names to ../../build/final_project/final_project.egg-info/top_level.txt
[0.517s] writing manifest file '../../build/final_project/final_project.egg-info/SOURCES.txt'
[0.518s] reading manifest file '../../build/final_project/final_project.egg-info/SOURCES.txt'
[0.518s] writing manifest file '../../build/final_project/final_project.egg-info/SOURCES.txt'
[0.518s] running build
[0.518s] running build_py
[0.518s] creating /home/amrita/final_project/build/final_project/build
[0.519s] creating /home/amrita/final_project/build/final_project/build/lib
[0.519s] creating /home/amrita/final_project/build/final_project/build/lib/final_project
[0.519s] copying final_project/train.py -> /home/amrita/final_project/build/final_project/build/lib/final_project
[0.519s] copying final_project/__init__.py -> /home/amrita/final_project/build/final_project/build/lib/final_project
[0.519s] creating /home/amrita/final_project/build/final_project/build/lib/final_project/envs
[0.519s] copying final_project/envs/turtlebot_env.py -> /home/amrita/final_project/build/final_project/build/lib/final_project/envs
[0.519s] copying final_project/envs/__init__.py -> /home/amrita/final_project/build/final_project/build/lib/final_project/envs
[0.519s] running install
[0.519s] running install_lib
[0.520s] creating /home/amrita/final_project/install/final_project/lib/python3.10/site-packages/final_project
[0.520s] copying /home/amrita/final_project/build/final_project/build/lib/final_project/train.py -> /home/amrita/final_project/install/final_project/lib/python3.10/site-packages/final_project
[0.520s] copying /home/amrita/final_project/build/final_project/build/lib/final_project/__init__.py -> /home/amrita/final_project/install/final_project/lib/python3.10/site-packages/final_project
[0.520s] creating /home/amrita/final_project/install/final_project/lib/python3.10/site-packages/final_project/envs
[0.520s] copying /home/amrita/final_project/build/final_project/build/lib/final_project/envs/turtlebot_env.py -> /home/amrita/final_project/install/final_project/lib/python3.10/site-packages/final_project/envs
[0.520s] copying /home/amrita/final_project/build/final_project/build/lib/final_project/envs/__init__.py -> /home/amrita/final_project/install/final_project/lib/python3.10/site-packages/final_project/envs
[0.520s] byte-compiling /home/amrita/final_project/install/final_project/lib/python3.10/site-packages/final_project/train.py to train.cpython-310.pyc
[0.520s] byte-compiling /home/amrita/final_project/install/final_project/lib/python3.10/site-packages/final_project/__init__.py to __init__.cpython-310.pyc
[0.520s] byte-compiling /home/amrita/final_project/install/final_project/lib/python3.10/site-packages/final_project/envs/turtlebot_env.py to turtlebot_env.cpython-310.pyc
[0.522s] byte-compiling /home/amrita/final_project/install/final_project/lib/python3.10/site-packages/final_project/envs/__init__.py to __init__.cpython-310.pyc
[0.522s] running install_data
[0.522s] creating /home/amrita/final_project/install/final_project/share/ament_index
[0.522s] creating /home/amrita/final_project/install/final_project/share/ament_index/resource_index
[0.522s] creating /home/amrita/final_project/install/final_project/share/ament_index/resource_index/packages
[0.522s] copying resource/final_project -> /home/amrita/final_project/install/final_project/share/ament_index/resource_index/packages
[0.522s] copying package.xml -> /home/amrita/final_project/install/final_project/share/final_project
[0.522s] creating /home/amrita/final_project/install/final_project/share/final_project/launch
[0.522s] copying launch/static_world.launch.py -> /home/amrita/final_project/install/final_project/share/final_project/launch
[0.522s] creating /home/amrita/final_project/install/final_project/share/final_project/worlds
[0.522s] copying worlds/turtlebot3_world.world -> /home/amrita/final_project/install/final_project/share/final_project/worlds
[0.522s] running install_egg_info
[0.523s] Copying ../../build/final_project/final_project.egg-info to /home/amrita/final_project/install/final_project/lib/python3.10/site-packages/final_project-0.0.0-py3.10.egg-info
[0.523s] running install_scripts
[0.536s] Installing train script to /home/amrita/final_project/install/final_project/lib/final_project
[0.537s] writing list of installed files to '/home/amrita/final_project/build/final_project/install.log'
[0.550s] Invoked command in '/home/amrita/final_project/src/Final_project' returned '0': PYTHONPATH=/home/amrita/final_project/build/final_project/prefix_override:/usr/lib/python3/dist-packages/colcon_core/task/python/colcon_distutils_commands:/home/amrita/final_project/install/final_project/lib/python3.10/site-packages:${PYTHONPATH} /usr/bin/python3 -W ignore:setup.py install is deprecated setup.py egg_info --egg-base ../../build/final_project build --build-base /home/amrita/final_project/build/final_project/build install --record /home/amrita/final_project/build/final_project/install.log --single-version-externally-managed install_data
