[0.605s] Invoking command in '/home/amrita/final_project/src/Final_project': PYTHONPATH=/home/amrita/final_project/build/final_project/prefix_override:/usr/lib/python3/dist-packages/colcon_core/task/python/colcon_distutils_commands:/home/amrita/final_project/install/final_project/lib/python3.10/site-packages:${PYTHONPATH} /usr/bin/python3 -W ignore:setup.py install is deprecated setup.py egg_info --egg-base ../../build/final_project build --build-base /home/amrita/final_project/build/final_project/build install --record /home/amrita/final_project/build/final_project/install.log --single-version-externally-managed install_data
[0.815s] running egg_info
[0.816s] writing ../../build/final_project/final_project.egg-info/PKG-INFO
[0.816s] writing dependency_links to ../../build/final_project/final_project.egg-info/dependency_links.txt
[0.816s] writing entry points to ../../build/final_project/final_project.egg-info/entry_points.txt
[0.816s] writing requirements to ../../build/final_project/final_project.egg-info/requires.txt
[0.816s] writing top-level names to ../../build/final_project/final_project.egg-info/top_level.txt
[0.818s] reading manifest file '../../build/final_project/final_project.egg-info/SOURCES.txt'
[0.819s] writing manifest file '../../build/final_project/final_project.egg-info/SOURCES.txt'
[0.819s] running build
[0.819s] running build_py
[0.819s] copying final_project/train.py -> /home/amrita/final_project/build/final_project/build/lib/final_project
[0.820s] running install
[0.820s] running install_lib
[0.821s] copying /home/amrita/final_project/build/final_project/build/lib/final_project/train.py -> /home/amrita/final_project/install/final_project/lib/python3.10/site-packages/final_project
[0.822s] byte-compiling /home/amrita/final_project/install/final_project/lib/python3.10/site-packages/final_project/train.py to train.cpython-310.pyc
[0.822s] running install_data
[0.822s] running install_egg_info
[0.824s] removing '/home/amrita/final_project/install/final_project/lib/python3.10/site-packages/final_project-0.0.0-py3.10.egg-info' (and everything under it)
[0.824s] Copying ../../build/final_project/final_project.egg-info to /home/amrita/final_project/install/final_project/lib/python3.10/site-packages/final_project-0.0.0-py3.10.egg-info
[0.824s] running install_scripts
[0.845s] Installing train script to /home/amrita/final_project/install/final_project/lib/final_project
[0.845s] writing list of installed files to '/home/amrita/final_project/build/final_project/install.log'
[0.881s] Invoked command in '/home/amrita/final_project/src/Final_project' returned '0': PYTHONPATH=/home/amrita/final_project/build/final_project/prefix_override:/usr/lib/python3/dist-packages/colcon_core/task/python/colcon_distutils_commands:/home/amrita/final_project/install/final_project/lib/python3.10/site-packages:${PYTHONPATH} /usr/bin/python3 -W ignore:setup.py install is deprecated setup.py egg_info --egg-base ../../build/final_project build --build-base /home/amrita/final_project/build/final_project/build install --record /home/amrita/final_project/build/final_project/install.log --single-version-externally-managed install_data
