/home/amrita/final_project/install/final_project/lib/python3.10/site-packages/final_project/train.py
/home/amrita/final_project/install/final_project/lib/python3.10/site-packages/final_project/__init__.py
/home/amrita/final_project/install/final_project/lib/python3.10/site-packages/final_project/envs/turtlebot_env.py
/home/amrita/final_project/install/final_project/lib/python3.10/site-packages/final_project/envs/__init__.py
/home/amrita/final_project/install/final_project/lib/python3.10/site-packages/final_project/__pycache__/train.cpython-310.pyc
/home/amrita/final_project/install/final_project/lib/python3.10/site-packages/final_project/__pycache__/__init__.cpython-310.pyc
/home/amrita/final_project/install/final_project/lib/python3.10/site-packages/final_project/envs/__pycache__/turtlebot_env.cpython-310.pyc
/home/amrita/final_project/install/final_project/lib/python3.10/site-packages/final_project/envs/__pycache__/__init__.cpython-310.pyc
/home/amrita/final_project/install/final_project/share/ament_index/resource_index/packages/final_project
/home/amrita/final_project/install/final_project/share/final_project/package.xml
/home/amrita/final_project/install/final_project/share/final_project/launch/static_world.launch.py
/home/amrita/final_project/install/final_project/share/final_project/worlds/turtlebot3_world.world
/home/amrita/final_project/install/final_project/lib/python3.10/site-packages/final_project-0.0.0-py3.10.egg-info/requires.txt
/home/amrita/final_project/install/final_project/lib/python3.10/site-packages/final_project-0.0.0-py3.10.egg-info/zip-safe
/home/amrita/final_project/install/final_project/lib/python3.10/site-packages/final_project-0.0.0-py3.10.egg-info/dependency_links.txt
/home/amrita/final_project/install/final_project/lib/python3.10/site-packages/final_project-0.0.0-py3.10.egg-info/SOURCES.txt
/home/amrita/final_project/install/final_project/lib/python3.10/site-packages/final_project-0.0.0-py3.10.egg-info/top_level.txt
/home/amrita/final_project/install/final_project/lib/python3.10/site-packages/final_project-0.0.0-py3.10.egg-info/entry_points.txt
/home/amrita/final_project/install/final_project/lib/python3.10/site-packages/final_project-0.0.0-py3.10.egg-info/PKG-INFO
/home/amrita/final_project/install/final_project/lib/final_project/train
